# JRE version: OpenJDK Runtime Environment Temurin-17.0.4.1+1 (17.0.4.1+1) (build 17.0.4.1+1)
# Java VM: OpenJDK 64-Bit Server VM Temurin-17.0.4.1+1 (17.0.4.1+1, mixed mode, emulated-client, tiered, compressed oops, compressed class ptrs, g1 gc, windows-amd64)
GC Precious Log:
 CPUs: 4 total, 4 available
 Memory: 16253M
 Large Page Support: Disabled
 NUMA Support: Disabled
 Compressed Oops: Enabled (Zero based)
 Heap Region Size: 2M
 Heap Min Capacity: 8M
 Heap Initial Capacity: 254M
 Heap Max Capacity: 4064M
 Pre-touch: Disabled
 Parallel Workers: 4
 Concurrent Workers: 1
 Concurrent Refinement Workers: 4
 Periodic GC: Disabled
Heap:
 garbage-first heap   total 110592K, used 38819K [0x0000000702000000, 0x0000000800000000)
  region size 2048K, 1 young (2048K), 0 survivors (0K)
 Metaspace       used 55157K, committed 55616K, reserved 1097728K
  class space    used 7329K, committed 7552K, reserved 1048576K
GC Heap History (20 events):
Event: 183090.582 GC heap before
{Heap before GC invocations=5752 (full 5256):
 garbage-first heap   total 110592K, used 38819K [0x0000000702000000, 0x0000000800000000)
  region size 2048K, 1 young (2048K), 0 survivors (0K)
 Metaspace       used 55157K, committed 55616K, reserved 1097728K
  class space    used 7329K, committed 7552K, reserved 1048576K
}
Event: 183090.652 GC heap after
{Heap after GC invocations=5753 (full 5257):
 garbage-first heap   total 110592K, used 38819K [0x0000000702000000, 0x0000000800000000)
  region size 2048K, 0 young (0K), 0 survivors (0K)
 Metaspace       used 55157K, committed 55616K, reserved 1097728K
  class space    used 7329K, committed 7552K, reserved 1048576K
}
Event: 183100.861 GC heap before
{Heap before GC invocations=5753 (full 5257):
 garbage-first heap   total 110592K, used 38819K [0x0000000702000000, 0x0000000800000000)
  region size 2048K, 1 young (2048K), 0 survivors (0K)
 Metaspace       used 55157K, committed 55616K, reserved 1097728K
  class space    used 7329K, committed 7552K, reserved 1048576K
}
Event: 183100.931 GC heap after
{Heap after GC invocations=5754 (full 5258):
 garbage-first heap   total 110592K, used 38819K [0x0000000702000000, 0x0000000800000000)
  region size 2048K, 0 young (0K), 0 survivors (0K)
 Metaspace       used 55157K, committed 55616K, reserved 1097728K
  class space    used 7329K, committed 7552K, reserved 1048576K
}
Event: 183111.149 GC heap before
{Heap before GC invocations=5754 (full 5258):
 garbage-first heap   total 110592K, used 38819K [0x0000000702000000, 0x0000000800000000)
  region size 2048K, 1 young (2048K), 0 survivors (0K)
 Metaspace       used 55157K, committed 55616K, reserved 1097728K
  class space    used 7329K, committed 7552K, reserved 1048576K
}
Event: 183111.216 GC heap after
{Heap after GC invocations=5755 (full 5259):
 garbage-first heap   total 110592K, used 38819K [0x0000000702000000, 0x0000000800000000)
  region size 2048K, 0 young (0K), 0 survivors (0K)
 Metaspace       used 55157K, committed 55616K, reserved 1097728K
  class space    used 7329K, committed 7552K, reserved 1048576K
}
Event: 183121.437 GC heap before
{Heap before GC invocations=5755 (full 5259):
 garbage-first heap   total 110592K, used 38819K [0x0000000702000000, 0x0000000800000000)
  region size 2048K, 1 young (2048K), 0 survivors (0K)
 Metaspace       used 55157K, committed 55616K, reserved 1097728K
  class space    used 7329K, committed 7552K, reserved 1048576K
}
Event: 183121.509 GC heap after
{Heap after GC invocations=5756 (full 5260):
 garbage-first heap   total 110592K, used 38819K [0x0000000702000000, 0x0000000800000000)
  region size 2048K, 0 young (0K), 0 survivors (0K)
 Metaspace       used 55157K, committed 55616K, reserved 1097728K
  class space    used 7329K, committed 7552K, reserved 1048576K
}
Event: 183131.780 GC heap before
{Heap before GC invocations=5756 (full 5260):
 garbage-first heap   total 110592K, used 38819K [0x0000000702000000, 0x0000000800000000)
  region size 2048K, 1 young (2048K), 0 survivors (0K)
 Metaspace       used 55157K, committed 55616K, reserved 1097728K
  class space    used 7329K, committed 7552K, reserved 1048576K
}
Event: 183131.856 GC heap after
{Heap after GC invocations=5757 (full 5261):
 garbage-first heap   total 110592K, used 38819K [0x0000000702000000, 0x0000000800000000)
  region size 2048K, 0 young (0K), 0 survivors (0K)
 Metaspace       used 55157K, committed 55616K, reserved 1097728K
  class space    used 7329K, committed 7552K, reserved 1048576K
}
Event: 183142.051 GC heap before
{Heap before GC invocations=5757 (full 5261):
 garbage-first heap   total 110592K, used 38819K [0x0000000702000000, 0x0000000800000000)
  region size 2048K, 1 young (2048K), 0 survivors (0K)
 Metaspace       used 55157K, committed 55616K, reserved 1097728K
  class space    used 7329K, committed 7552K, reserved 1048576K
}
Event: 183142.117 GC heap after
{Heap after GC invocations=5758 (full 5262):
 garbage-first heap   total 110592K, used 38819K [0x0000000702000000, 0x0000000800000000)
  region size 2048K, 0 young (0K), 0 survivors (0K)
 Metaspace       used 55157K, committed 55616K, reserved 1097728K
  class space    used 7329K, committed 7552K, reserved 1048576K
}
Event: 183152.800 GC heap before
{Heap before GC invocations=5758 (full 5262):
 garbage-first heap   total 110592K, used 38819K [0x0000000702000000, 0x0000000800000000)
  region size 2048K, 1 young (2048K), 0 survivors (0K)
 Metaspace       used 55157K, committed 55616K, reserved 1097728K
  class space    used 7329K, committed 7552K, reserved 1048576K
}
Event: 183152.889 GC heap after
{Heap after GC invocations=5759 (full 5263):
 garbage-first heap   total 110592K, used 38819K [0x0000000702000000, 0x0000000800000000)
  region size 2048K, 0 young (0K), 0 survivors (0K)
 Metaspace       used 55157K, committed 55616K, reserved 1097728K
  class space    used 7329K, committed 7552K, reserved 1048576K
}
Event: 183163.117 GC heap before
{Heap before GC invocations=5759 (full 5263):
 garbage-first heap   total 110592K, used 38819K [0x0000000702000000, 0x0000000800000000)
  region size 2048K, 1 young (2048K), 0 survivors (0K)
 Metaspace       used 55157K, committed 55616K, reserved 1097728K
  class space    used 7329K, committed 7552K, reserved 1048576K
}
Event: 183163.215 GC heap after
{Heap after GC invocations=5760 (full 5264):
 garbage-first heap   total 110592K, used 38819K [0x0000000702000000, 0x0000000800000000)
  region size 2048K, 0 young (0K), 0 survivors (0K)
 Metaspace       used 55157K, committed 55616K, reserved 1097728K
  class space    used 7329K, committed 7552K, reserved 1048576K
}
Event: 183173.445 GC heap before
{Heap before GC invocations=5760 (full 5264):
 garbage-first heap   total 110592K, used 38819K [0x0000000702000000, 0x0000000800000000)
  region size 2048K, 1 young (2048K), 0 survivors (0K)
 Metaspace       used 55157K, committed 55616K, reserved 1097728K
  class space    used 7329K, committed 7552K, reserved 1048576K
}
Event: 183173.503 GC heap after
{Heap after GC invocations=5761 (full 5265):
 garbage-first heap   total 110592K, used 38819K [0x0000000702000000, 0x0000000800000000)
  region size 2048K, 0 young (0K), 0 survivors (0K)
 Metaspace       used 55157K, committed 55616K, reserved 1097728K
  class space    used 7329K, committed 7552K, reserved 1048576K
}
Event: 183183.712 GC heap before
{Heap before GC invocations=5761 (full 5265):
 garbage-first heap   total 110592K, used 38819K [0x0000000702000000, 0x0000000800000000)
  region size 2048K, 1 young (2048K), 0 survivors (0K)
 Metaspace       used 55157K, committed 55616K, reserved 1097728K
  class space    used 7329K, committed 7552K, reserved 1048576K
}
Event: 183183.783 GC heap after
{Heap after GC invocations=5762 (full 5266):
 garbage-first heap   total 110592K, used 38819K [0x0000000702000000, 0x0000000800000000)
  region size 2048K, 0 young (0K), 0 survivors (0K)
 Metaspace       used 55157K, committed 55616K, reserved 1097728K
  class space    used 7329K, committed 7552K, reserved 1048576K
}

